[2021-01-09 16:55:29,057][INFO][__main__] Logger initialized
[2021-01-09 16:55:39,277][INFO][__main__] hist is 3044827722.67
[2021-01-09 16:55:49,270][INFO][__main__] hist is 3046105039.49
[2021-01-09 16:56:25,071][INFO][__main__] Logger initialized
[2021-01-09 16:56:35,275][INFO][__main__] hist is 3054533062.68
[2021-01-09 16:56:45,270][INFO][__main__] hist is 3055395973.62
[2021-01-09 16:59:38,488][INFO][__main__] Logger initialized
[2021-01-09 16:59:48,710][INFO][__main__] hist is 3061567293.93
[2021-01-09 16:59:58,709][INFO][__main__] hist is 3062048746.53
[2021-01-09 16:59:59,830][INFO][__main__]  Last price is: 41104.0000, VWAP is 40420.3719
[2021-01-09 16:59:59,830][INFO][__main__] Total Balance: 0.0000, Free Balance: 0.0000
[2021-01-09 16:59:59,831][INFO][__main__] Loop completed, sleeping for 30 seconds
[2021-01-09 17:00:30,409][INFO][__main__] hist is 3069307886.97
[2021-01-09 17:00:31,367][INFO][__main__]  Last price is: 41219.5000, VWAP is 40420.3719
[2021-01-09 17:00:31,367][INFO][__main__] Total Balance: 0.0000, Free Balance: 0.0000
[2021-01-09 17:00:31,368][INFO][__main__] Loop completed, sleeping for 30 seconds
[2021-01-09 17:01:01,962][INFO][__main__] hist is 3071609213.48
[2021-01-09 17:01:02,931][INFO][__main__]  Last price is: 41229.5000, VWAP is 40420.3719
[2021-01-09 17:01:02,931][INFO][__main__] Total Balance: 0.0000, Free Balance: 0.0000
[2021-01-09 17:01:02,931][INFO][__main__] Loop completed, sleeping for 30 seconds
[2021-01-09 17:01:33,525][INFO][__main__] hist is 3074122141.51
[2021-01-09 17:01:34,537][INFO][__main__]  Last price is: 41193.0000, VWAP is 40420.3719
[2021-01-09 17:01:34,538][INFO][__main__] Total Balance: 0.0000, Free Balance: 0.0000
[2021-01-09 17:01:34,538][INFO][__main__] Loop completed, sleeping for 30 seconds
[2021-01-09 17:02:05,128][INFO][__main__] hist is 3075851872.62
[2021-01-09 17:02:06,079][INFO][__main__]  Last price is: 41178.0000, VWAP is 40420.3719
[2021-01-09 17:02:06,079][INFO][__main__] Total Balance: 0.0000, Free Balance: 0.0000
[2021-01-09 17:02:06,079][INFO][__main__] Loop completed, sleeping for 30 seconds
[2021-01-09 17:02:36,664][INFO][__main__] hist is 3077105127.64
[2021-01-09 17:02:37,616][INFO][__main__]  Last price is: 41143.5000, VWAP is 40420.3719
[2021-01-09 17:02:37,616][INFO][__main__] Total Balance: 0.0000, Free Balance: 0.0000
[2021-01-09 17:02:37,616][INFO][__main__] Loop completed, sleeping for 30 seconds
[2021-01-09 17:03:08,209][INFO][__main__] hist is 3078194889.25
[2021-01-09 17:03:09,201][INFO][__main__]  Last price is: 41120.0000, VWAP is 40420.3719
[2021-01-09 17:03:09,201][INFO][__main__] Total Balance: 0.0000, Free Balance: 0.0000
[2021-01-09 17:03:09,201][INFO][__main__] Loop completed, sleeping for 30 seconds
[2021-01-09 17:03:39,774][INFO][__main__] hist is 3082958883.51
[2021-01-09 17:03:40,740][INFO][__main__]  Last price is: 41021.5000, VWAP is 40420.3719
[2021-01-09 17:03:40,740][INFO][__main__] Total Balance: 0.0000, Free Balance: 0.0000
[2021-01-09 17:03:40,741][INFO][__main__] Loop completed, sleeping for 30 seconds
[2021-01-09 17:04:11,320][INFO][__main__] hist is 3086358697.97
[2021-01-09 17:04:12,323][INFO][__main__]  Last price is: 41015.0000, VWAP is 40420.3719
[2021-01-09 17:04:12,323][INFO][__main__] Total Balance: 0.0000, Free Balance: 0.0000
[2021-01-09 17:04:12,323][INFO][__main__] Loop completed, sleeping for 30 seconds
[2021-01-09 17:04:42,891][INFO][__main__] hist is 3087741819.74
[2021-01-09 17:04:43,834][INFO][__main__]  Last price is: 41093.5000, VWAP is 40420.3719
[2021-01-09 17:04:43,834][INFO][__main__] Total Balance: 0.0000, Free Balance: 0.0000
[2021-01-09 17:04:43,834][INFO][__main__] Loop completed, sleeping for 30 seconds
[2021-01-09 17:05:14,419][INFO][__main__] hist is 3088626031.35
[2021-01-09 17:05:15,357][INFO][__main__]  Last price is: 41065.5000, VWAP is 40420.3719
[2021-01-09 17:05:15,357][INFO][__main__] Total Balance: 0.0000, Free Balance: 0.0000
[2021-01-09 17:05:15,357][INFO][__main__] Loop completed, sleeping for 30 seconds
[2021-01-09 17:05:45,937][INFO][__main__] hist is 3089089919.88
[2021-01-09 17:05:46,893][INFO][__main__]  Last price is: 41086.5000, VWAP is 40420.3719
[2021-01-09 17:05:46,894][INFO][__main__] Total Balance: 0.0000, Free Balance: 0.0000
[2021-01-09 17:05:46,894][INFO][__main__] Loop completed, sleeping for 30 seconds
[2021-01-09 17:06:17,480][INFO][__main__] hist is 3090063404.80
[2021-01-09 17:06:18,417][INFO][__main__]  Last price is: 41075.0000, VWAP is 40420.3719
[2021-01-09 17:06:18,417][INFO][__main__] Total Balance: 0.0000, Free Balance: 0.0000
[2021-01-09 17:06:18,417][INFO][__main__] Loop completed, sleeping for 30 seconds
[2021-01-09 17:06:49,021][INFO][__main__] hist is 3092911901.96
[2021-01-09 17:06:49,986][INFO][__main__]  Last price is: 41127.0000, VWAP is 40420.3719
[2021-01-09 17:06:49,986][INFO][__main__] Total Balance: 0.0000, Free Balance: 0.0000
[2021-01-09 17:06:49,986][INFO][__main__] Loop completed, sleeping for 30 seconds
[2021-01-09 17:07:20,603][INFO][__main__] hist is 3094028384.61
[2021-01-09 17:07:21,554][INFO][__main__]  Last price is: 41199.5000, VWAP is 40420.3719
[2021-01-09 17:07:21,554][INFO][__main__] Total Balance: 0.0000, Free Balance: 0.0000
[2021-01-09 17:07:21,554][INFO][__main__] Loop completed, sleeping for 30 seconds
[2021-01-09 17:07:52,204][INFO][__main__] hist is 3095544186.94
[2021-01-09 17:07:53,155][INFO][__main__]  Last price is: 41223.5000, VWAP is 40420.3719
[2021-01-09 17:07:53,156][INFO][__main__] Total Balance: 0.0000, Free Balance: 0.0000
[2021-01-09 17:07:53,156][INFO][__main__] Loop completed, sleeping for 30 seconds
[2021-01-09 17:08:23,730][INFO][__main__] hist is 3097259543.22
[2021-01-09 17:08:24,807][INFO][__main__]  Last price is: 41177.5000, VWAP is 40420.3719
[2021-01-09 17:08:24,808][INFO][__main__] Total Balance: 0.0000, Free Balance: 0.0000
[2021-01-09 17:08:24,808][INFO][__main__] Loop completed, sleeping for 30 seconds
[2021-01-09 17:08:55,393][INFO][__main__] hist is 3097870830.14
[2021-01-09 17:08:56,337][INFO][__main__]  Last price is: 41160.5000, VWAP is 40420.3719
[2021-01-09 17:08:56,337][INFO][__main__] Total Balance: 0.0000, Free Balance: 0.0000
[2021-01-09 17:08:56,337][INFO][__main__] Loop completed, sleeping for 30 seconds
[2021-01-09 17:09:24,514][INFO][__main__] Logger initialized
[2021-01-09 17:09:34,731][INFO][__main__] hist is 3098258941.91
[2021-01-09 17:09:44,721][INFO][__main__] hist is 3098451658.04
[2021-01-09 17:09:45,806][INFO][__main__]  Last price is: 41101.0000, VWAP is 40420.3719
[2021-01-09 17:09:45,806][INFO][__main__] Total Balance: 0.0000, Free Balance: 0.0000
[2021-01-09 17:09:45,806][INFO][__main__] Loop completed, sleeping for 30 seconds
[2021-01-09 17:10:16,373][INFO][__main__] hist is 3099249745.44
[2021-01-09 17:10:17,303][INFO][__main__]  Last price is: 41094.5000, VWAP is 40420.3719
[2021-01-09 17:10:17,303][INFO][__main__] Total Balance: 0.0000, Free Balance: 0.0000
[2021-01-09 17:10:17,303][INFO][__main__] Loop completed, sleeping for 30 seconds
[2021-01-09 17:10:47,883][INFO][__main__] hist is 3100464354.31
[2021-01-09 17:10:48,810][INFO][__main__]  Last price is: 41175.5000, VWAP is 40420.3719
[2021-01-09 17:10:48,810][INFO][__main__] Total Balance: 0.0000, Free Balance: 0.0000
[2021-01-09 17:10:48,810][INFO][__main__] Loop completed, sleeping for 30 seconds
[2021-01-09 17:11:19,393][INFO][__main__] hist is 3101844311.61
[2021-01-09 17:11:20,312][INFO][__main__]  Last price is: 41087.0000, VWAP is 40420.3719
[2021-01-09 17:11:20,312][INFO][__main__] Total Balance: 0.0000, Free Balance: 0.0000
[2021-01-09 17:11:20,313][INFO][__main__] Loop completed, sleeping for 30 seconds
[2021-01-09 17:11:50,869][INFO][__main__] hist is 3102056676.66
[2021-01-09 17:11:51,790][INFO][__main__]  Last price is: 41078.5000, VWAP is 40420.3719
[2021-01-09 17:11:51,790][INFO][__main__] Total Balance: 0.0000, Free Balance: 0.0000
[2021-01-09 17:11:51,790][INFO][__main__] Loop completed, sleeping for 30 seconds
[2021-01-09 17:12:22,340][INFO][__main__] hist is 3103022107.55
[2021-01-09 17:12:23,278][INFO][__main__]  Last price is: 41060.5000, VWAP is 40420.3719
[2021-01-09 17:12:23,278][INFO][__main__] Total Balance: 0.0000, Free Balance: 0.0000
[2021-01-09 17:12:23,278][INFO][__main__] Loop completed, sleeping for 30 seconds
[2021-01-09 17:12:53,863][INFO][__main__] hist is 3103446530.17
[2021-01-09 17:12:54,849][INFO][__main__]  Last price is: 41064.0000, VWAP is 40420.3719
[2021-01-09 17:12:54,849][INFO][__main__] Total Balance: 0.0000, Free Balance: 0.0000
[2021-01-09 17:12:54,849][INFO][__main__] Loop completed, sleeping for 30 seconds
[2021-01-09 17:13:25,430][INFO][__main__] hist is 3105211766.97
[2021-01-09 17:13:26,367][INFO][__main__]  Last price is: 41020.0000, VWAP is 40420.3719
[2021-01-09 17:13:26,367][INFO][__main__] Total Balance: 0.0000, Free Balance: 0.0000
[2021-01-09 17:13:26,367][INFO][__main__] Loop completed, sleeping for 30 seconds
[2021-01-09 17:13:56,928][INFO][__main__] hist is 3105970678.18
[2021-01-09 17:13:57,871][INFO][__main__]  Last price is: 41039.5000, VWAP is 40420.3719
[2021-01-09 17:13:57,871][INFO][__main__] Total Balance: 0.0000, Free Balance: 0.0000
[2021-01-09 17:13:57,871][INFO][__main__] Loop completed, sleeping for 30 seconds
[2021-01-09 17:14:28,455][INFO][__main__] hist is 3106351700.92
[2021-01-09 17:14:29,377][INFO][__main__]  Last price is: 41093.5000, VWAP is 40420.3719
[2021-01-09 17:14:29,377][INFO][__main__] Total Balance: 0.0000, Free Balance: 0.0000
[2021-01-09 17:14:29,377][INFO][__main__] Loop completed, sleeping for 30 seconds
[2021-01-09 17:14:59,943][INFO][__main__] hist is 3107929848.02
[2021-01-09 17:15:01,048][INFO][__main__]  Last price is: 41057.5000, VWAP is 40420.3719
[2021-01-09 17:15:01,048][INFO][__main__] Total Balance: 0.0000, Free Balance: 0.0000
[2021-01-09 17:15:01,048][INFO][__main__] Loop completed, sleeping for 30 seconds
[2021-01-09 17:15:31,608][INFO][__main__] hist is 3108406098.24
[2021-01-09 17:15:32,530][INFO][__main__]  Last price is: 41079.0000, VWAP is 40420.3719
[2021-01-09 17:15:32,530][INFO][__main__] Total Balance: 0.0000, Free Balance: 0.0000
[2021-01-09 17:15:32,530][INFO][__main__] Loop completed, sleeping for 30 seconds
[2021-01-09 17:16:03,089][INFO][__main__] hist is 3121012537.18
[2021-01-09 17:16:04,011][INFO][__main__]  Last price is: 40844.5000, VWAP is 40420.3719
[2021-01-09 17:16:04,011][INFO][__main__] Total Balance: 0.0000, Free Balance: 0.0000
[2021-01-09 17:16:04,011][INFO][__main__] Loop completed, sleeping for 30 seconds
[2021-01-09 17:16:34,590][INFO][__main__] hist is 3128983569.78
[2021-01-09 17:16:35,511][INFO][__main__]  Last price is: 40871.5000, VWAP is 40420.3719
[2021-01-09 17:16:35,511][INFO][__main__] Total Balance: 0.0000, Free Balance: 0.0000
[2021-01-09 17:16:35,511][INFO][__main__] Loop completed, sleeping for 30 seconds
[2021-01-09 17:17:06,093][INFO][__main__] hist is 3131739058.24
[2021-01-09 17:17:07,021][INFO][__main__]  Last price is: 40805.5000, VWAP is 40420.3719
[2021-01-09 17:17:07,021][INFO][__main__] Total Balance: 0.0000, Free Balance: 0.0000
[2021-01-09 17:17:07,021][INFO][__main__] Loop completed, sleeping for 30 seconds
[2021-01-09 17:17:37,581][INFO][__main__] hist is 3146903829.24
[2021-01-09 17:17:38,510][INFO][__main__]  Last price is: 40716.5000, VWAP is 40420.3719
[2021-01-09 17:17:38,510][INFO][__main__] Total Balance: 0.0000, Free Balance: 0.0000
[2021-01-09 17:17:38,510][INFO][__main__] Loop completed, sleeping for 30 seconds
[2021-01-09 17:18:09,081][INFO][__main__] hist is 3153876580.42
[2021-01-09 17:18:09,993][INFO][__main__]  Last price is: 40576.5000, VWAP is 40420.3719
[2021-01-09 17:18:09,993][INFO][__main__] Total Balance: 0.0000, Free Balance: 0.0000
[2021-01-09 17:18:09,993][INFO][__main__] Loop completed, sleeping for 30 seconds
[2021-01-09 17:18:40,562][INFO][__main__] hist is 3158860621.12
[2021-01-09 17:18:41,493][INFO][__main__]  Last price is: 40582.5000, VWAP is 40420.3719
[2021-01-09 17:18:41,493][INFO][__main__] Total Balance: 0.0000, Free Balance: 0.0000
[2021-01-09 17:18:41,493][INFO][__main__] Loop completed, sleeping for 30 seconds
[2021-01-09 17:19:12,064][INFO][__main__] hist is 3165566444.70
[2021-01-09 17:19:12,979][INFO][__main__]  Last price is: 40600.0000, VWAP is 40420.3719
[2021-01-09 17:19:12,979][INFO][__main__] Total Balance: 0.0000, Free Balance: 0.0000
[2021-01-09 17:19:12,979][INFO][__main__] Loop completed, sleeping for 30 seconds
[2021-01-09 17:19:43,563][INFO][__main__] hist is 3168560600.69
[2021-01-09 17:19:44,592][INFO][__main__]  Last price is: 40612.5000, VWAP is 40420.3719
[2021-01-09 17:19:44,593][INFO][__main__] Total Balance: 0.0000, Free Balance: 0.0000
[2021-01-09 17:19:44,593][INFO][__main__] Loop completed, sleeping for 30 seconds
[2021-01-09 17:20:15,161][INFO][__main__] hist is 3171662960.82
[2021-01-09 17:20:16,094][INFO][__main__]  Last price is: 40555.5000, VWAP is 40420.3719
[2021-01-09 17:20:16,094][INFO][__main__] Total Balance: 0.0000, Free Balance: 0.0000
[2021-01-09 17:20:16,094][INFO][__main__] Loop completed, sleeping for 30 seconds
[2021-01-09 17:20:46,667][INFO][__main__] hist is 3173899884.61
[2021-01-09 17:20:47,599][INFO][__main__]  Last price is: 40641.0000, VWAP is 40420.3719
[2021-01-09 17:20:47,599][INFO][__main__] Total Balance: 0.0000, Free Balance: 0.0000
[2021-01-09 17:20:47,599][INFO][__main__] Loop completed, sleeping for 30 seconds
[2021-01-09 17:21:18,166][INFO][__main__] hist is 3175494971.75
[2021-01-09 17:21:19,089][INFO][__main__]  Last price is: 40628.5000, VWAP is 40420.3719
[2021-01-09 17:21:19,090][INFO][__main__] Total Balance: 0.0000, Free Balance: 0.0000
[2021-01-09 17:21:19,090][INFO][__main__] Loop completed, sleeping for 30 seconds
[2021-01-09 17:21:48,593][INFO][__main__] hist is 3176229318.00
[2021-01-09 17:21:49,519][INFO][__main__]  Last price is: 40560.0000, VWAP is 40420.3719
[2021-01-09 17:21:49,519][INFO][__main__] Total Balance: 0.0000, Free Balance: 0.0000
[2021-01-09 17:21:49,519][INFO][__main__] Loop completed, sleeping for 30 seconds
[2021-01-09 17:22:20,094][INFO][__main__] hist is 3177834093.51
[2021-01-09 17:22:20,997][INFO][__main__]  Last price is: 40593.0000, VWAP is 40420.3719
[2021-01-09 17:22:20,998][INFO][__main__] Total Balance: 0.0000, Free Balance: 0.0000
[2021-01-09 17:22:20,998][INFO][__main__] Loop completed, sleeping for 30 seconds
[2021-01-09 17:22:51,565][INFO][__main__] hist is 3179623618.98
[2021-01-09 17:22:52,493][INFO][__main__]  Last price is: 40525.5000, VWAP is 40420.3719
[2021-01-09 17:22:52,493][INFO][__main__] Total Balance: 0.0000, Free Balance: 0.0000
[2021-01-09 17:22:52,493][INFO][__main__] Loop completed, sleeping for 30 seconds
[2021-01-09 17:23:23,064][INFO][__main__] hist is 3182319555.02
[2021-01-09 17:23:23,979][INFO][__main__]  Last price is: 40543.5000, VWAP is 40420.3719
[2021-01-09 17:23:23,979][INFO][__main__] Total Balance: 0.0000, Free Balance: 0.0000
[2021-01-09 17:23:23,979][INFO][__main__] Loop completed, sleeping for 30 seconds
[2021-01-09 17:23:54,528][INFO][__main__] hist is 3186411130.41
[2021-01-09 17:23:55,450][INFO][__main__]  Last price is: 40600.0000, VWAP is 40420.3719
[2021-01-09 17:23:55,450][INFO][__main__] Total Balance: 0.0000, Free Balance: 0.0000
[2021-01-09 17:23:55,450][INFO][__main__] Loop completed, sleeping for 30 seconds
[2021-01-09 17:24:26,017][INFO][__main__] hist is 3186719187.57
[2021-01-09 17:24:26,937][INFO][__main__]  Last price is: 40612.0000, VWAP is 40420.3719
[2021-01-09 17:24:26,937][INFO][__main__] Total Balance: 0.0000, Free Balance: 0.0000
[2021-01-09 17:24:26,937][INFO][__main__] Loop completed, sleeping for 30 seconds
[2021-01-09 17:24:57,506][INFO][__main__] hist is 3189366234.01
[2021-01-09 17:24:58,425][INFO][__main__]  Last price is: 40531.5000, VWAP is 40420.3719
[2021-01-09 17:24:58,425][INFO][__main__] Total Balance: 0.0000, Free Balance: 0.0000
[2021-01-09 17:24:58,425][INFO][__main__] Loop completed, sleeping for 30 seconds
[2021-01-09 17:25:28,991][INFO][__main__] hist is 3189878382.73
[2021-01-09 17:25:29,919][INFO][__main__]  Last price is: 40587.5000, VWAP is 40420.3719
[2021-01-09 17:25:29,919][INFO][__main__] Total Balance: 0.0000, Free Balance: 0.0000
[2021-01-09 17:25:29,920][INFO][__main__] Loop completed, sleeping for 30 seconds
[2021-01-09 17:26:00,486][INFO][__main__] hist is 3191394097.57
[2021-01-09 17:26:01,409][INFO][__main__]  Last price is: 40631.5000, VWAP is 40420.3719
[2021-01-09 17:26:01,409][INFO][__main__] Total Balance: 0.0000, Free Balance: 0.0000
[2021-01-09 17:26:01,409][INFO][__main__] Loop completed, sleeping for 30 seconds
[2021-01-09 17:26:31,973][INFO][__main__] hist is 3192610169.27
[2021-01-09 17:26:32,881][INFO][__main__]  Last price is: 40609.5000, VWAP is 40404.0404
[2021-01-09 17:26:32,881][INFO][__main__] Total Balance: 0.0000, Free Balance: 0.0000
[2021-01-09 17:26:32,881][INFO][__main__] Loop completed, sleeping for 30 seconds
[2021-01-09 18:20:49,670][INFO][__main__] Logger initialized
[2021-01-09 18:20:59,872][INFO][__main__] hist is -104915971.36
[2021-01-09 18:21:09,867][INFO][__main__] hist is -104951698.63
[2021-01-09 18:21:10,930][INFO][__main__]  Last price is: 40788.5000, VWAP is 40355.1251
[2021-01-09 18:21:10,930][INFO][__main__] Total Balance: 0.0000, Free Balance: 0.0000
[2021-01-09 18:21:10,930][INFO][__main__] Loop completed, sleeping for 30 seconds
[2021-01-09 18:21:41,490][INFO][__main__] hist is -105355543.87
[2021-01-09 18:21:42,401][INFO][__main__]  Last price is: 40803.5000, VWAP is 40355.1251
[2021-01-09 18:21:42,401][INFO][__main__] Total Balance: 0.0000, Free Balance: 0.0000
[2021-01-09 18:21:42,401][INFO][__main__] Loop completed, sleeping for 30 seconds
[2021-01-09 18:22:12,958][INFO][__main__] hist is -105491379.08
[2021-01-09 18:22:13,861][INFO][__main__]  Last price is: 40780.5000, VWAP is 40355.1251
[2021-01-09 18:22:13,862][INFO][__main__] Total Balance: 0.0000, Free Balance: 0.0000
[2021-01-09 18:22:13,862][INFO][__main__] Loop completed, sleeping for 30 seconds
[2021-01-09 18:22:44,418][INFO][__main__] hist is -105629982.15
[2021-01-09 18:22:45,342][INFO][__main__]  Last price is: 40812.0000, VWAP is 40355.1251
[2021-01-09 18:22:45,342][INFO][__main__] Total Balance: 0.0000, Free Balance: 0.0000
[2021-01-09 18:22:45,342][INFO][__main__] Loop completed, sleeping for 30 seconds
[2021-01-09 18:23:15,904][INFO][__main__] hist is -106132406.13
[2021-01-09 18:23:16,812][INFO][__main__]  Last price is: 40791.5000, VWAP is 40355.1251
[2021-01-09 18:23:16,812][INFO][__main__] Total Balance: 0.0000, Free Balance: 0.0000
[2021-01-09 18:23:16,812][INFO][__main__] Loop completed, sleeping for 30 seconds
[2021-01-09 18:23:47,368][INFO][__main__] hist is -106162145.19
[2021-01-09 18:23:48,284][INFO][__main__]  Last price is: 40786.5000, VWAP is 40355.1251
[2021-01-09 18:23:48,284][INFO][__main__] Total Balance: 0.0000, Free Balance: 0.0000
[2021-01-09 18:23:48,284][INFO][__main__] Loop completed, sleeping for 30 seconds
[2021-01-09 18:24:18,862][INFO][__main__] hist is 28143837.30
[2021-01-09 18:24:23,482][INFO][__main__]  Last price is: 40826.0000, VWAP is 40355.1251
[2021-01-09 18:24:23,482][INFO][__main__] Total Balance: 0.0000, Free Balance: 0.0000
[2021-01-09 18:24:23,482][INFO][__main__] Loop completed, sleeping for 30 seconds
[2021-01-09 18:24:54,028][INFO][__main__] hist is 28344126.57
[2021-01-09 18:24:54,938][INFO][__main__]  Last price is: 40824.5000, VWAP is 40355.1251
[2021-01-09 18:24:54,938][INFO][__main__] Total Balance: 0.0000, Free Balance: 0.0000
[2021-01-09 18:24:54,938][INFO][__main__] Loop completed, sleeping for 30 seconds
[2021-01-09 18:25:25,489][INFO][__main__] hist is -106977894.46
[2021-01-09 18:25:29,034][INFO][__main__]  Last price is: 40792.0000, VWAP is 40355.1251
[2021-01-09 18:25:29,034][INFO][__main__] Total Balance: 0.0000, Free Balance: 0.0000
[2021-01-09 18:25:29,034][INFO][__main__] Loop completed, sleeping for 30 seconds
[2021-01-09 18:25:59,589][INFO][__main__] hist is -107065494.50
[2021-01-09 18:26:00,511][INFO][__main__]  Last price is: 40820.0000, VWAP is 40338.8463
[2021-01-09 18:26:00,511][INFO][__main__] Total Balance: 0.0000, Free Balance: 0.0000
[2021-01-09 18:26:00,511][INFO][__main__] Loop completed, sleeping for 30 seconds
[2021-01-09 18:26:31,063][INFO][__main__] hist is 29054582.68
[2021-01-09 18:26:33,039][INFO][__main__]  Last price is: 40830.0000, VWAP is 40338.8463
[2021-01-09 18:26:33,039][INFO][__main__] Total Balance: 0.0000, Free Balance: 0.0000
[2021-01-09 18:26:33,039][INFO][__main__] Loop completed, sleeping for 30 seconds
[2021-01-09 18:27:03,595][INFO][__main__] hist is 29705180.77
[2021-01-09 18:27:04,499][INFO][__main__]  Last price is: 40830.0000, VWAP is 40338.8463
[2021-01-09 18:27:04,499][INFO][__main__] Total Balance: 0.0000, Free Balance: 0.0000
[2021-01-09 18:27:04,499][INFO][__main__] Loop completed, sleeping for 30 seconds
[2021-01-09 18:27:35,051][INFO][__main__] hist is 31136875.20
[2021-01-09 18:27:35,966][INFO][__main__]  Last price is: 40829.5000, VWAP is 40338.8463
[2021-01-09 18:27:35,966][INFO][__main__] Total Balance: 0.0000, Free Balance: 0.0000
[2021-01-09 18:27:35,967][INFO][__main__] Loop completed, sleeping for 30 seconds
[2021-01-09 18:28:06,533][INFO][__main__] hist is 31998837.24
[2021-01-09 18:28:07,452][INFO][__main__]  Last price is: 40860.0000, VWAP is 40338.8463
[2021-01-09 18:28:07,452][INFO][__main__] Total Balance: 0.0000, Free Balance: 0.0000
[2021-01-09 18:28:07,452][INFO][__main__] Loop completed, sleeping for 30 seconds
[2021-01-09 18:28:38,021][INFO][__main__] hist is 33042709.40
[2021-01-09 18:28:39,015][INFO][__main__]  Last price is: 40901.0000, VWAP is 40338.8463
[2021-01-09 18:28:39,017][INFO][__main__] Total Balance: 0.0000, Free Balance: 0.0000
[2021-01-09 18:28:39,017][INFO][__main__] Loop completed, sleeping for 30 seconds
[2021-01-09 18:29:09,582][INFO][__main__] hist is 37152817.28
[2021-01-09 18:29:10,494][INFO][__main__]  Last price is: 40829.0000, VWAP is 40338.8463
[2021-01-09 18:29:10,494][INFO][__main__] Total Balance: 0.0000, Free Balance: 0.0000
[2021-01-09 18:29:10,494][INFO][__main__] Loop completed, sleeping for 30 seconds
[2021-01-09 18:29:41,054][INFO][__main__] hist is 39001216.97
[2021-01-09 18:29:41,972][INFO][__main__]  Last price is: 40899.5000, VWAP is 40355.1251
[2021-01-09 18:29:41,972][INFO][__main__] Total Balance: 0.0000, Free Balance: 0.0000
[2021-01-09 18:29:41,972][INFO][__main__] Loop completed, sleeping for 30 seconds
[2021-01-09 18:30:12,528][INFO][__main__] hist is 147550065.54
[2021-01-09 18:30:13,440][INFO][__main__]  Last price is: 41000.0000, VWAP is 40355.1251
[2021-01-09 18:30:13,440][INFO][__main__] Total Balance: 0.0000, Free Balance: 0.0000
[2021-01-09 18:30:13,440][INFO][__main__] Loop completed, sleeping for 30 seconds
[2021-01-09 18:30:44,002][INFO][__main__] hist is 150192216.33
[2021-01-09 18:30:45,025][INFO][__main__]  Last price is: 41009.0000, VWAP is 40338.8463
[2021-01-09 18:30:45,025][INFO][__main__] Total Balance: 0.0000, Free Balance: 0.0000
[2021-01-09 18:30:45,026][INFO][__main__] Loop completed, sleeping for 30 seconds
[2021-01-09 18:31:15,584][INFO][__main__] hist is 151285203.29
[2021-01-09 18:31:16,501][INFO][__main__]  Last price is: 40989.5000, VWAP is 40338.8463
[2021-01-09 18:31:16,501][INFO][__main__] Total Balance: 0.0000, Free Balance: 0.0000
[2021-01-09 18:31:16,502][INFO][__main__] Loop completed, sleeping for 30 seconds
[2021-01-09 18:31:47,043][INFO][__main__] hist is 154370689.43
[2021-01-09 18:31:47,960][INFO][__main__]  Last price is: 41069.0000, VWAP is 40338.8463
[2021-01-09 18:31:47,960][INFO][__main__] Total Balance: 0.0000, Free Balance: 0.0000
[2021-01-09 18:31:47,960][INFO][__main__] Loop completed, sleeping for 30 seconds
[2021-01-09 18:32:43,390][INFO][__main__] Logger initialized
[2021-01-09 18:32:53,622][INFO][__main__] hist is 156343665.30
[2021-01-09 18:56:16,436][INFO][__main__] Logger initialized
[2021-01-09 18:56:26,641][INFO][__main__] hist is 207058873.18
[2021-01-09 19:11:29,211][INFO][__main__] Logger initialized
[2021-01-09 19:11:39,429][INFO][__main__] hist is 241028907.12
[2021-01-09 19:16:26,928][INFO][__main__] Logger initialized
[2021-01-09 19:16:37,148][INFO][__main__] hist is 252465981.08
[2021-01-09 19:21:21,828][INFO][__main__] Logger initialized
[2021-01-09 19:21:32,069][INFO][__main__] hist is 258122078.92
[2021-01-09 19:23:29,979][INFO][__main__] Logger initialized
[2021-01-09 19:23:40,188][INFO][__main__] hist is 262281812.21
[2021-01-09 19:24:01,004][INFO][__main__] hist is 262600202.82
[2021-01-09 19:40:07,595][INFO][__main__] Logger initialized
[2021-01-09 19:40:17,802][INFO][__main__] hist is 177764187.49
[2021-01-09 19:40:38,562][INFO][__main__] hist is 179266662.09
[2021-01-09 19:41:22,235][INFO][__main__] Logger initialized
[2021-01-09 19:41:32,457][INFO][__main__] hist is 184951249.31
[2021-01-09 19:41:42,453][INFO][__main__] hist is 185138046.14
[2021-01-09 19:41:43,143][INFO][__main__]  Last price is: 41319.2100, VWAP is 40342.2712
[2021-01-09 19:41:43,143][INFO][__main__] Total Balance: 0.0000, Free Balance: 0.0000
[2021-01-09 19:41:43,143][INFO][__main__] Loop completed, sleeping for 30 seconds
[2021-01-09 19:42:13,617][INFO][__main__] hist is 185372752.29
[2021-01-09 19:42:14,963][INFO][__main__]  Last price is: 41312.0500, VWAP is 40342.5526
[2021-01-09 19:42:14,964][INFO][__main__] Total Balance: 0.0000, Free Balance: 0.0000
[2021-01-09 19:42:14,964][INFO][__main__] Loop completed, sleeping for 30 seconds
[2021-01-09 19:47:24,315][INFO][__main__] Logger initialized
[2021-01-09 19:47:34,541][INFO][__main__] hist is 199057668.10
[2021-01-09 19:47:44,549][INFO][__main__] hist is 199680224.38
[2021-01-09 19:47:45,221][INFO][__main__]  Last price is: 41156.0900, VWAP is 40343.3484
[2021-01-09 19:47:45,222][INFO][__main__] Total Balance: 0.0000, Free Balance: 0.0000
[2021-01-09 19:47:45,222][INFO][__main__] Loop completed, sleeping for 30 seconds
[2021-01-09 19:48:15,691][INFO][__main__] hist is 200917098.35
[2021-01-09 19:48:17,226][INFO][__main__]  Last price is: 41097.1700, VWAP is 40343.2475
[2021-01-09 19:48:17,227][INFO][__main__] Total Balance: 0.0000, Free Balance: 0.0000
[2021-01-09 19:48:17,227][INFO][__main__] Loop completed, sleeping for 30 seconds
[2021-01-09 19:48:44,441][INFO][__main__] Logger initialized
[2021-01-09 19:48:54,638][INFO][__main__] hist is 204369862.88
[2021-01-09 19:49:04,632][INFO][__main__] hist is 204379215.23
[2021-01-09 19:52:25,618][INFO][__main__] Logger initialized
[2021-01-09 19:52:35,827][INFO][__main__] hist is 211893955.09
[2021-01-09 19:52:45,823][INFO][__main__] hist is 212101894.23
[2021-01-09 19:52:47,202][INFO][__main__]  Last price is: 41115.9700, VWAP is 40342.8798
[2021-01-09 19:52:47,203][INFO][__main__] Total Balance: 0.0000, Free Balance: 0.0000
[2021-01-09 19:52:47,203][INFO][__main__] Loop completed, sleeping for 30 seconds
[2021-01-09 19:53:17,659][INFO][__main__] hist is 213205500.32
[2021-01-09 19:53:18,795][INFO][__main__]  Last price is: 41079.9300, VWAP is 40342.6191
[2021-01-09 19:53:18,795][INFO][__main__] Total Balance: 0.0000, Free Balance: 0.0000
[2021-01-09 19:53:18,795][INFO][__main__] Loop completed, sleeping for 30 seconds
[2021-01-09 19:53:49,263][INFO][__main__] hist is 214112167.52
[2021-01-09 19:53:51,015][INFO][__main__]  Last price is: 41112.6900, VWAP is 40342.5067
[2021-01-09 19:53:51,016][INFO][__main__] Total Balance: 0.0000, Free Balance: 0.0000
[2021-01-09 19:53:51,016][INFO][__main__] Loop completed, sleeping for 30 seconds
[2021-01-09 19:53:56,259][INFO][__main__] Logger initialized
[2021-01-09 19:54:06,467][INFO][__main__] hist is 214320867.08
[2021-01-09 19:54:16,473][INFO][__main__] hist is 214355604.39
[2021-01-09 19:54:17,381][INFO][__main__]  Last price is: 41099.7200, VWAP is 40342.4226
[2021-01-09 19:54:17,382][INFO][__main__] Total Balance: 0.0000, Free Balance: 0.0000
[2021-01-09 19:54:17,382][INFO][__main__] Loop completed, sleeping for 30 seconds
[2021-01-09 19:54:47,834][INFO][__main__] hist is 215270885.10
[2021-01-09 19:54:48,975][INFO][__main__]  Last price is: 41080.8300, VWAP is 40342.4830
[2021-01-09 19:54:48,975][INFO][__main__] Total Balance: 0.0000, Free Balance: 0.0000
[2021-01-09 19:54:48,975][INFO][__main__] Loop completed, sleeping for 30 seconds
[2021-01-09 19:55:19,456][INFO][__main__] hist is 215494677.44
[2021-01-09 19:55:20,383][INFO][__main__]  Last price is: 41089.2700, VWAP is 40342.3501
[2021-01-09 19:55:20,384][INFO][__main__] Total Balance: 0.0000, Free Balance: 0.0000
[2021-01-09 19:55:20,384][INFO][__main__] Loop completed, sleeping for 30 seconds
[2021-01-09 19:55:50,828][INFO][__main__] hist is 216832527.78
[2021-01-09 19:55:51,753][INFO][__main__]  Last price is: 41067.9800, VWAP is 40342.3042
[2021-01-09 19:55:51,754][INFO][__main__] Total Balance: 0.0000, Free Balance: 0.0000
[2021-01-09 19:55:51,754][INFO][__main__] Loop completed, sleeping for 30 seconds
[2021-01-09 19:56:22,221][INFO][__main__] hist is 217524095.92
[2021-01-09 19:56:23,121][INFO][__main__]  Last price is: 41065.3100, VWAP is 40342.3410
[2021-01-09 19:56:23,121][INFO][__main__] Total Balance: 0.0000, Free Balance: 0.0000
[2021-01-09 19:56:23,121][INFO][__main__] Loop completed, sleeping for 30 seconds
[2021-01-09 19:56:53,577][INFO][__main__] hist is 218552800.16
[2021-01-09 19:56:54,729][INFO][__main__]  Last price is: 41080.0100, VWAP is 40342.3717
[2021-01-09 19:56:54,730][INFO][__main__] Total Balance: 0.0000, Free Balance: 0.0000
[2021-01-09 19:56:54,730][INFO][__main__] Loop completed, sleeping for 30 seconds
[2021-01-09 19:57:25,178][INFO][__main__] hist is 219187050.46
[2021-01-09 19:57:26,326][INFO][__main__]  Last price is: 41127.9900, VWAP is 40342.3165
[2021-01-09 19:57:26,326][INFO][__main__] Total Balance: 0.0000, Free Balance: 0.0000
[2021-01-09 19:57:26,326][INFO][__main__] Loop completed, sleeping for 30 seconds
[2021-01-09 19:59:51,648][INFO][__main__] Logger initialized
[2021-01-09 20:00:20,400][INFO][__main__] Logger initialized
[2021-01-09 20:11:38,246][INFO][__main__] Logger initialized
[2021-01-09 20:13:58,461][INFO][__main__] Logger initialized
[2021-01-09 20:20:25,012][INFO][__main__] Logger initialized
[2021-01-09 20:23:52,066][INFO][__main__] Logger initialized
[2021-01-09 20:27:43,856][INFO][__main__] Logger initialized
[2021-01-09 20:28:09,528][INFO][__main__] Logger initialized
[2021-01-09 20:39:33,907][INFO][__main__] Logger initialized
[2021-01-09 20:44:56,335][INFO][__main__] Logger initialized
[2021-01-09 20:46:46,545][INFO][__main__] Logger initialized
[2021-01-09 20:47:26,856][INFO][__main__] Logger initialized
[2021-01-09 20:51:25,731][INFO][__main__] Logger initialized
[2021-01-09 20:54:02,939][INFO][__main__] Logger initialized
[2021-01-09 20:55:02,833][INFO][__main__] Logger initialized
[2021-01-09 20:59:41,258][INFO][__main__] Logger initialized
[2021-01-09 20:59:51,401][INFO][__main__] hist is 176869.49
[2021-01-09 21:00:01,409][INFO][__main__] hist is 176871.47
[2021-01-09 21:00:03,623][INFO][__main__]  Last price is: 40546.0900, VWAP is 40277.1687
[2021-01-09 21:00:03,623][INFO][__main__] Total Balance: 0.0000, Free Balance: 0.0000
[2021-01-09 21:00:03,623][INFO][__main__] Loop completed, sleeping for 30 seconds
[2021-01-09 21:00:32,922][INFO][__main__] Logger initialized
[2021-01-09 21:00:43,075][INFO][__main__] hist is 176956.59
[2021-01-09 21:00:53,085][INFO][__main__] hist is 176968.88
[2021-01-09 21:00:54,825][INFO][__main__]  Last price is: 40619.0900, VWAP is 40276.4204
[2021-01-09 21:00:54,825][INFO][__main__] Total Balance: 0.0000, Free Balance: 0.0000
[2021-01-09 21:00:54,825][INFO][__main__] Loop completed, sleeping for 30 seconds
[2021-01-09 21:01:25,270][INFO][__main__] hist is 177004.39
[2021-01-09 21:01:27,212][INFO][__main__]  Last price is: 40576.4000, VWAP is 40275.9788
[2021-01-09 21:01:27,212][INFO][__main__] Total Balance: 0.0000, Free Balance: 0.0000
[2021-01-09 21:01:27,212][INFO][__main__] Loop completed, sleeping for 30 seconds
[2021-01-09 21:01:57,667][INFO][__main__] hist is 177020.76
[2021-01-09 21:01:58,846][INFO][__main__]  Last price is: 40637.6700, VWAP is 40275.6910
[2021-01-09 21:01:58,846][INFO][__main__] Total Balance: 0.0000, Free Balance: 0.0000
[2021-01-09 21:01:58,846][INFO][__main__] Loop completed, sleeping for 30 seconds
[2021-01-09 21:02:29,748][INFO][__main__] hist is 177061.45
[2021-01-09 21:02:40,664][INFO][__main__] Logger initialized
[2021-01-09 21:02:50,808][INFO][__main__] hist is 71.53
[2021-01-09 21:03:00,849][INFO][__main__] hist is 71.52
[2021-01-09 21:03:02,065][INFO][__main__]  Last price is: 40616.7700, VWAP is 40275.2845
[2021-01-09 21:03:02,065][INFO][__main__] Total Balance: 0.0000, Free Balance: 0.0000
[2021-01-09 21:03:02,065][INFO][__main__] Loop completed, sleeping for 30 seconds
[2021-01-09 21:03:32,569][INFO][__main__] hist is 46.47
[2021-01-09 21:03:33,837][INFO][__main__]  Last price is: 40610.0800, VWAP is 40275.5041
[2021-01-09 21:03:33,838][INFO][__main__] Total Balance: 0.0000, Free Balance: 0.0000
[2021-01-09 21:03:33,838][INFO][__main__] Loop completed, sleeping for 30 seconds
[2021-01-09 21:04:04,262][INFO][__main__] hist is 26.57
[2021-01-09 21:04:06,350][INFO][__main__]  Last price is: 40618.9300, VWAP is 40276.8025
[2021-01-09 21:04:06,351][INFO][__main__] Total Balance: 0.0000, Free Balance: 0.0000
[2021-01-09 21:04:06,351][INFO][__main__] Loop completed, sleeping for 30 seconds
[2021-01-09 21:05:25,187][INFO][__main__] Logger initialized
[2021-01-09 21:05:35,335][INFO][__main__] hist is 41.13
[2021-01-09 21:05:45,343][INFO][__main__] hist is 44.72
[2021-01-09 21:05:46,709][INFO][__main__]  Last price is: 40654.6000, VWAP is 40278.6874
[2021-01-09 21:05:46,709][INFO][__main__] Total Balance: 0.0000, Free Balance: 0.0000
[2021-01-09 21:05:46,709][INFO][__main__] Loop completed, sleeping for 30 seconds
[2021-01-09 21:06:30,931][INFO][__main__] Logger initialized
[2021-01-09 21:06:41,304][INFO][__main__] hist is 13.35
[2021-01-09 21:06:51,083][INFO][__main__] hist is 10.98
[2021-01-09 21:06:52,044][INFO][__main__]  Last price is: 40625.4400, VWAP is 40278.9457
[2021-01-09 21:06:52,044][INFO][__main__] Total Balance: 0.0000, Free Balance: 0.0000
[2021-01-09 21:06:52,044][INFO][__main__] Loop completed, sleeping for 30 seconds
[2021-01-09 21:07:22,670][INFO][__main__] hist is 3.89
[2021-01-09 21:07:23,931][INFO][__main__]  Last price is: 40631.4300, VWAP is 40278.9240
[2021-01-09 21:07:23,931][INFO][__main__] Total Balance: 0.0000, Free Balance: 0.0000
[2021-01-09 21:07:23,931][INFO][__main__] Loop completed, sleeping for 30 seconds
[2021-01-09 21:07:54,360][INFO][__main__] hist is -24.52
[2021-01-09 21:11:20,593][INFO][__main__] Logger initialized
[2021-01-09 21:11:30,738][INFO][__main__] hist is -62.22
[2021-01-09 21:11:40,752][INFO][__main__] hist is -41.34
[2021-01-09 21:11:42,149][INFO][__main__]  Last price is: 40702.3400, VWAP is 40277.4938
[2021-01-09 21:11:42,150][INFO][__main__] Total Balance: 0.0000, Free Balance: 0.0000
[2021-01-09 21:11:42,150][INFO][__main__] Loop completed, sleeping for 30 seconds
[2021-01-09 21:12:12,560][INFO][__main__] hist is -24.99
[2021-01-09 21:12:13,975][INFO][__main__]  Last price is: 40697.5100, VWAP is 40277.0468
[2021-01-09 21:12:13,976][INFO][__main__] Total Balance: 0.0000, Free Balance: 0.0000
[2021-01-09 21:12:13,976][INFO][__main__] Loop completed, sleeping for 30 seconds
[2021-01-09 21:12:44,372][INFO][__main__] hist is 15.40
[2021-01-09 21:12:46,690][INFO][__main__]  Last price is: 40699.1000, VWAP is 40276.7407
[2021-01-09 21:12:46,690][INFO][__main__] Total Balance: 0.0000, Free Balance: 0.0000
[2021-01-09 21:12:46,690][INFO][__main__] Loop completed, sleeping for 30 seconds
[2021-01-09 21:13:17,500][INFO][__main__] hist is -167.68
[2021-01-09 21:52:01,821][INFO][__main__] Logger initialized
[2021-01-09 21:52:11,973][INFO][__main__] hist is 41.61
[2021-01-09 21:52:21,972][INFO][__main__] hist is 11.46
[2021-01-09 21:52:22,897][INFO][__main__]  Last price is: 40280.0100, VWAP is 40256.1468
[2021-01-09 21:52:22,898][INFO][__main__] Total Balance: 0.0000, Free Balance: 0.0000
[2021-01-09 21:52:22,898][INFO][__main__] Loop completed, sleeping for 30 seconds
[2021-01-09 21:52:53,526][INFO][__main__] hist is 9.68
[2021-01-09 21:52:54,435][INFO][__main__]  Last price is: 40257.0800, VWAP is 40255.8018
[2021-01-09 21:52:54,436][INFO][__main__] Total Balance: 0.0000, Free Balance: 0.0000
[2021-01-09 21:52:54,436][INFO][__main__] Loop completed, sleeping for 30 seconds
[2021-01-09 21:53:24,843][INFO][__main__] hist is -47.21
[2021-01-09 21:53:31,042][INFO][__main__]  Last price is: 40231.8500, VWAP is 40255.5744
[2021-01-09 21:53:31,042][INFO][__main__] Total Balance: 0.0000, Free Balance: 0.0000
[2021-01-09 21:53:31,042][INFO][__main__] Loop completed, sleeping for 30 seconds
[2021-01-09 21:54:01,442][INFO][__main__] hist is -46.48
[2021-01-09 21:54:02,705][INFO][__main__]  Last price is: 40223.1400, VWAP is 40255.3559
[2021-01-09 21:54:02,706][INFO][__main__] Total Balance: 0.0000, Free Balance: 0.0000
[2021-01-09 21:54:02,706][INFO][__main__] Loop completed, sleeping for 30 seconds
[2021-01-09 21:54:33,106][INFO][__main__] hist is -81.25
[2021-01-09 21:54:34,300][INFO][__main__]  Last price is: 40243.9000, VWAP is 40255.0935
[2021-01-09 21:54:34,301][INFO][__main__] Total Balance: 0.0000, Free Balance: 0.0000
[2021-01-09 21:54:34,301][INFO][__main__] Loop completed, sleeping for 30 seconds
[2021-01-09 21:55:04,785][INFO][__main__] hist is -70.43
[2021-01-09 21:55:05,800][INFO][__main__]  Last price is: 40253.2900, VWAP is 40254.9337
[2021-01-09 21:55:05,800][INFO][__main__] Total Balance: 0.0000, Free Balance: 0.0000
[2021-01-09 21:55:05,800][INFO][__main__] Loop completed, sleeping for 30 seconds
[2021-01-09 21:55:36,261][INFO][__main__] hist is -62.19
[2021-01-09 21:55:37,216][INFO][__main__]  Last price is: 40259.2200, VWAP is 40254.4949
[2021-01-09 21:55:37,216][INFO][__main__] Total Balance: 0.0000, Free Balance: 0.0000
[2021-01-09 21:55:37,216][INFO][__main__] Loop completed, sleeping for 30 seconds
[2021-01-09 21:56:07,663][INFO][__main__] hist is -42.07
[2021-01-09 21:56:08,652][INFO][__main__]  Last price is: 40271.0500, VWAP is 40254.3096
[2021-01-09 21:56:08,653][INFO][__main__] Total Balance: 0.0000, Free Balance: 0.0000
[2021-01-09 21:56:08,653][INFO][__main__] Loop completed, sleeping for 30 seconds
[2021-01-09 21:56:39,298][INFO][__main__] hist is -30.21
[2021-01-09 21:56:40,668][INFO][__main__]  Last price is: 40299.8000, VWAP is 40253.9787
[2021-01-09 21:56:40,669][INFO][__main__] Total Balance: 0.0000, Free Balance: 0.0000
[2021-01-09 21:56:40,669][INFO][__main__] Loop completed, sleeping for 30 seconds
[2021-01-09 21:57:11,091][INFO][__main__] hist is -22.66
[2021-01-09 21:57:12,016][INFO][__main__]  Last price is: 40268.4600, VWAP is 40252.8365
[2021-01-09 21:57:12,016][INFO][__main__] Total Balance: 0.0000, Free Balance: 0.0000
[2021-01-09 21:57:12,016][INFO][__main__] Loop completed, sleeping for 30 seconds
[2021-01-09 21:57:42,662][INFO][__main__] hist is -15.76
[2021-01-09 21:57:44,074][INFO][__main__]  Last price is: 40234.6000, VWAP is 40252.3108
[2021-01-09 21:57:44,074][INFO][__main__] Total Balance: 0.0000, Free Balance: 0.0000
[2021-01-09 21:57:44,074][INFO][__main__] Loop completed, sleeping for 30 seconds
[2021-01-09 21:58:14,545][INFO][__main__] hist is -31.60
[2021-01-09 21:58:15,508][INFO][__main__]  Last price is: 40182.5100, VWAP is 40251.9448
[2021-01-09 21:58:15,508][INFO][__main__] Total Balance: 0.0000, Free Balance: 0.0000
[2021-01-09 21:58:15,508][INFO][__main__] Loop completed, sleeping for 30 seconds
[2021-01-09 21:58:45,928][INFO][__main__] hist is -64.65
[2021-01-09 21:58:47,783][INFO][__main__]  Last price is: 40153.4400, VWAP is 40251.3469
[2021-01-09 21:58:47,784][INFO][__main__] Total Balance: 0.0000, Free Balance: 0.0000
[2021-01-09 21:58:47,784][INFO][__main__] Loop completed, sleeping for 30 seconds
[2021-01-09 21:59:18,423][INFO][__main__] hist is -51.15
[2021-01-09 21:59:19,308][INFO][__main__]  Last price is: 40124.4300, VWAP is 40250.6648
[2021-01-09 21:59:19,309][INFO][__main__] Total Balance: 0.0000, Free Balance: 0.0000
[2021-01-09 21:59:19,309][INFO][__main__] Loop completed, sleeping for 30 seconds
[2021-01-09 21:59:50,161][INFO][__main__] hist is -104.68
[2021-01-09 21:59:51,313][INFO][__main__]  Last price is: 40086.2100, VWAP is 40250.0150
[2021-01-09 21:59:51,313][INFO][__main__] Total Balance: 0.0000, Free Balance: 0.0000
[2021-01-09 21:59:51,313][INFO][__main__] Loop completed, sleeping for 30 seconds
[2021-01-09 22:00:22,024][INFO][__main__] hist is -93.15
[2021-01-09 22:00:23,190][INFO][__main__]  Last price is: 40168.0800, VWAP is 40249.4681
[2021-01-09 22:00:23,190][INFO][__main__] Total Balance: 0.0000, Free Balance: 0.0000
[2021-01-09 22:00:23,190][INFO][__main__] Loop completed, sleeping for 30 seconds
[2021-01-09 22:00:53,851][INFO][__main__] hist is -89.48
[2021-01-09 22:00:55,077][INFO][__main__]  Last price is: 40179.5100, VWAP is 40249.0927
[2021-01-09 22:00:55,077][INFO][__main__] Total Balance: 0.0000, Free Balance: 0.0000
[2021-01-09 22:00:55,077][INFO][__main__] Loop completed, sleeping for 30 seconds
[2021-01-09 22:01:25,513][INFO][__main__] hist is -17.64
[2021-01-09 22:01:26,478][INFO][__main__]  Last price is: 40250.0000, VWAP is 40248.6031
[2021-01-09 22:01:26,479][INFO][__main__] Total Balance: 0.0000, Free Balance: 0.0000
[2021-01-09 22:01:26,479][INFO][__main__] Loop completed, sleeping for 30 seconds
[2021-01-09 22:01:57,120][INFO][__main__] hist is 14.31
[2021-01-09 22:02:08,047][INFO][__main__]  Last price is: 40307.1700, VWAP is 40248.3149
[2021-01-09 22:02:08,047][INFO][__main__] Total Balance: 0.0000, Free Balance: 0.0000
[2021-01-09 22:02:08,047][INFO][__main__] Loop completed, sleeping for 30 seconds
[2021-01-09 22:02:38,457][INFO][__main__] hist is 99.42
[2021-01-09 22:02:39,935][INFO][__main__]  Last price is: 40277.4800, VWAP is 40247.7429
[2021-01-09 22:02:39,935][INFO][__main__] Total Balance: 0.0000, Free Balance: 0.0000
[2021-01-09 22:02:39,935][INFO][__main__] Loop completed, sleeping for 30 seconds
[2021-01-09 22:03:10,351][INFO][__main__] hist is 105.16
[2021-01-09 22:03:11,994][INFO][__main__]  Last price is: 40366.1300, VWAP is 40247.2932
[2021-01-09 22:03:11,995][INFO][__main__] Total Balance: 0.0000, Free Balance: 0.0000
[2021-01-09 22:03:11,995][INFO][__main__] Loop completed, sleeping for 30 seconds
[2021-01-09 22:03:42,398][INFO][__main__] hist is 130.25
[2021-01-09 22:03:44,286][INFO][__main__]  Last price is: 40394.0500, VWAP is 40247.1037
[2021-01-09 22:03:44,286][INFO][__main__] Total Balance: 0.0000, Free Balance: 0.0000
[2021-01-09 22:03:44,286][INFO][__main__] Loop completed, sleeping for 30 seconds
[2021-01-09 22:04:14,691][INFO][__main__] hist is 191.52
[2021-01-09 22:04:15,898][INFO][__main__]  Last price is: 40396.8900, VWAP is 40246.8124
[2021-01-09 22:04:15,898][INFO][__main__] Total Balance: 0.0000, Free Balance: 0.0000
[2021-01-09 22:04:15,898][INFO][__main__] Loop completed, sleeping for 30 seconds
[2021-01-09 22:04:46,364][INFO][__main__] hist is 211.74
[2021-01-09 22:04:47,963][INFO][__main__]  Last price is: 40389.8400, VWAP is 40246.6511
[2021-01-09 22:04:47,963][INFO][__main__] Total Balance: 0.0000, Free Balance: 0.0000
[2021-01-09 22:04:47,963][INFO][__main__] Loop completed, sleeping for 30 seconds
[2021-01-09 22:05:18,379][INFO][__main__] hist is 172.03
[2021-01-09 22:05:19,768][INFO][__main__]  Last price is: 40396.2100, VWAP is 40246.1452
[2021-01-09 22:05:19,768][INFO][__main__] Total Balance: 0.0000, Free Balance: 0.0000
[2021-01-09 22:05:19,768][INFO][__main__] Loop completed, sleeping for 30 seconds
[2021-01-09 22:05:50,197][INFO][__main__] hist is 130.63
[2021-01-09 22:05:52,103][INFO][__main__]  Last price is: 40334.8800, VWAP is 40245.3587
[2021-01-09 22:05:52,103][INFO][__main__] Total Balance: 0.0000, Free Balance: 0.0000
[2021-01-09 22:05:52,103][INFO][__main__] Loop completed, sleeping for 30 seconds
[2021-01-09 22:06:22,668][INFO][__main__] hist is 89.22
[2021-01-09 22:06:24,051][INFO][__main__]  Last price is: 40332.8200, VWAP is 40244.5005
[2021-01-09 22:06:24,052][INFO][__main__] Total Balance: 0.0000, Free Balance: 0.0000
[2021-01-09 22:06:24,052][INFO][__main__] Loop completed, sleeping for 30 seconds
[2021-01-09 22:06:54,470][INFO][__main__] hist is 68.50
[2021-01-09 22:06:55,868][INFO][__main__]  Last price is: 40285.0100, VWAP is 40243.0455
[2021-01-09 22:06:55,869][INFO][__main__] Total Balance: 0.0000, Free Balance: 0.0000
[2021-01-09 22:06:55,869][INFO][__main__] Loop completed, sleeping for 30 seconds
[2021-01-09 22:07:26,497][INFO][__main__] hist is 71.85
[2021-01-09 22:07:28,397][INFO][__main__]  Last price is: 40343.5900, VWAP is 40239.7878
[2021-01-09 22:07:28,397][INFO][__main__] Total Balance: 0.0000, Free Balance: 0.0000
[2021-01-09 22:07:28,397][INFO][__main__] Loop completed, sleeping for 30 seconds
[2021-01-09 22:07:58,912][INFO][__main__] hist is 86.88
[2021-01-09 22:07:59,951][INFO][__main__]  Last price is: 40296.5500, VWAP is 40238.2243
[2021-01-09 22:07:59,952][INFO][__main__] Total Balance: 0.0000, Free Balance: 0.0000
[2021-01-09 22:07:59,952][INFO][__main__] Loop completed, sleeping for 30 seconds
[2021-01-09 22:08:30,545][INFO][__main__] hist is 89.96
[2021-01-09 22:08:32,451][INFO][__main__]  Last price is: 40309.5800, VWAP is 40236.7777
[2021-01-09 22:08:32,452][INFO][__main__] Total Balance: 0.0000, Free Balance: 0.0000
[2021-01-09 22:08:32,452][INFO][__main__] Loop completed, sleeping for 30 seconds
[2021-01-09 22:09:02,907][INFO][__main__] hist is 86.96
[2021-01-09 22:09:04,430][INFO][__main__]  Last price is: 40300.9100, VWAP is 40235.8860
[2021-01-09 22:09:04,431][INFO][__main__] Total Balance: 0.0000, Free Balance: 0.0000
[2021-01-09 22:09:04,431][INFO][__main__] Loop completed, sleeping for 30 seconds
[2021-01-09 22:09:34,834][INFO][__main__] hist is 27.64
[2021-01-09 22:09:36,961][INFO][__main__]  Last price is: 40195.3200, VWAP is 40235.0335
[2021-01-09 22:09:36,962][INFO][__main__] Total Balance: 0.0000, Free Balance: 0.0000
[2021-01-09 22:09:36,962][INFO][__main__] Loop completed, sleeping for 30 seconds
[2021-01-09 22:10:07,371][INFO][__main__] hist is 1.58
[2021-01-09 22:10:08,801][INFO][__main__]  Last price is: 40272.7900, VWAP is 40234.5959
[2021-01-09 22:10:08,801][INFO][__main__] Total Balance: 0.0000, Free Balance: 0.0000
[2021-01-09 22:10:08,801][INFO][__main__] Loop completed, sleeping for 30 seconds
[2021-01-09 22:10:39,222][INFO][__main__] hist is 10.33
[2021-01-09 22:10:40,666][INFO][__main__]  Last price is: 40292.2100, VWAP is 40233.9219
[2021-01-09 22:10:40,667][INFO][__main__] Total Balance: 0.0000, Free Balance: 0.0000
[2021-01-09 22:10:40,667][INFO][__main__] Loop completed, sleeping for 30 seconds
[2021-01-09 22:11:11,113][INFO][__main__] hist is 46.05
[2021-01-09 22:11:12,415][INFO][__main__]  Last price is: 40313.6000, VWAP is 40233.4667
[2021-01-09 22:11:12,415][INFO][__main__] Total Balance: 0.0000, Free Balance: 0.0000
[2021-01-09 22:11:12,415][INFO][__main__] Loop completed, sleeping for 30 seconds
[2021-01-09 22:11:42,810][INFO][__main__] hist is 24.50
[2021-01-09 22:11:43,984][INFO][__main__]  Last price is: 40224.5200, VWAP is 40232.7049
[2021-01-09 22:11:43,984][INFO][__main__] Total Balance: 0.0000, Free Balance: 0.0000
[2021-01-09 22:11:43,984][INFO][__main__] Loop completed, sleeping for 30 seconds
[2021-01-09 22:12:14,440][INFO][__main__] hist is -6.63
[2021-01-09 22:12:16,661][INFO][__main__]  Last price is: 40170.9700, VWAP is 40231.7234
[2021-01-09 22:12:16,661][INFO][__main__] Total Balance: 0.0000, Free Balance: 0.0000
[2021-01-09 22:12:16,661][INFO][__main__] Loop completed, sleeping for 30 seconds
[2021-01-09 22:12:47,060][INFO][__main__] hist is -21.81
[2021-01-09 22:12:48,451][INFO][__main__]  Last price is: 40163.3500, VWAP is 40230.7280
[2021-01-09 22:12:48,451][INFO][__main__] Total Balance: 0.0000, Free Balance: 0.0000
[2021-01-09 22:12:48,451][INFO][__main__] Loop completed, sleeping for 30 seconds
[2021-01-09 22:13:19,149][INFO][__main__] hist is -0.50
[2021-01-09 22:13:20,780][INFO][__main__]  Last price is: 40175.4000, VWAP is 40230.3661
[2021-01-09 22:13:20,780][INFO][__main__] Total Balance: 0.0000, Free Balance: 0.0000
[2021-01-09 22:13:20,780][INFO][__main__] Loop completed, sleeping for 30 seconds
[2021-01-09 22:13:51,187][INFO][__main__] hist is -2.39
[2021-01-09 22:13:52,380][INFO][__main__]  Last price is: 40257.5900, VWAP is 40229.5750
[2021-01-09 22:13:52,380][INFO][__main__] Total Balance: 0.0000, Free Balance: 0.0000
[2021-01-09 22:13:52,382][INFO][__main__] Loop completed, sleeping for 30 seconds
[2021-01-09 22:14:22,791][INFO][__main__] hist is -2.84
[2021-01-09 22:14:24,646][INFO][__main__]  Last price is: 40205.6200, VWAP is 40229.1460
[2021-01-09 22:14:24,646][INFO][__main__] Total Balance: 0.0000, Free Balance: 0.0000
[2021-01-09 22:14:24,646][INFO][__main__] Loop completed, sleeping for 30 seconds
[2021-01-09 22:14:55,074][INFO][__main__] hist is -4.37
[2021-01-09 22:14:56,262][INFO][__main__]  Last price is: 40232.3100, VWAP is 40228.7785
[2021-01-09 22:14:56,263][INFO][__main__] Total Balance: 0.0000, Free Balance: 0.0000
[2021-01-09 22:14:56,263][INFO][__main__] Loop completed, sleeping for 30 seconds
[2021-01-09 22:15:26,758][INFO][__main__] hist is 23.07
[2021-01-09 22:15:29,637][INFO][__main__]  Last price is: 40288.3000, VWAP is 40228.5922
[2021-01-09 22:15:29,638][INFO][__main__] Total Balance: 0.0000, Free Balance: 0.0000
[2021-01-09 22:15:29,638][INFO][__main__] Loop completed, sleeping for 30 seconds
[2021-01-09 22:16:00,224][INFO][__main__] hist is 16.05
[2021-01-09 22:16:01,723][INFO][__main__]  Last price is: 40317.3700, VWAP is 40228.2098
[2021-01-09 22:16:01,723][INFO][__main__] Total Balance: 0.0000, Free Balance: 0.0000
[2021-01-09 22:16:01,723][INFO][__main__] Loop completed, sleeping for 30 seconds
[2021-01-09 22:16:32,187][INFO][__main__] hist is 65.41
[2021-01-09 22:16:33,967][INFO][__main__]  Last price is: 40328.5000, VWAP is 40227.8895
[2021-01-09 22:16:33,967][INFO][__main__] Total Balance: 0.0000, Free Balance: 0.0000
[2021-01-09 22:16:33,967][INFO][__main__] Loop completed, sleeping for 30 seconds
[2021-01-09 22:17:04,437][INFO][__main__] hist is 49.67
[2021-01-09 22:17:05,614][INFO][__main__]  Last price is: 40309.0200, VWAP is 40227.5150
[2021-01-09 22:17:05,614][INFO][__main__] Total Balance: 0.0000, Free Balance: 0.0000
[2021-01-09 22:17:05,615][INFO][__main__] Loop completed, sleeping for 30 seconds
[2021-01-09 22:17:36,017][INFO][__main__] hist is 42.08
[2021-01-09 22:17:37,788][INFO][__main__]  Last price is: 40279.9900, VWAP is 40227.2456
[2021-01-09 22:17:37,789][INFO][__main__] Total Balance: 0.0000, Free Balance: 0.0000
[2021-01-09 22:17:37,789][INFO][__main__] Loop completed, sleeping for 30 seconds
[2021-01-09 22:18:08,192][INFO][__main__] hist is 23.38
[2021-01-09 22:18:09,396][INFO][__main__]  Last price is: 40224.2100, VWAP is 40226.6401
[2021-01-09 22:18:09,397][INFO][__main__] Total Balance: 0.0000, Free Balance: 0.0000
[2021-01-09 22:18:09,397][INFO][__main__] Loop completed, sleeping for 30 seconds
[2021-01-09 22:18:39,799][INFO][__main__] hist is 13.09
[2021-01-09 22:18:41,432][INFO][__main__]  Last price is: 40204.9600, VWAP is 40226.3059
[2021-01-09 22:18:41,432][INFO][__main__] Total Balance: 0.0000, Free Balance: 0.0000
[2021-01-09 22:18:41,432][INFO][__main__] Loop completed, sleeping for 30 seconds
[2021-01-09 22:19:11,862][INFO][__main__] hist is -5.27
[2021-01-09 22:19:14,269][INFO][__main__]  Last price is: 40140.5500, VWAP is 40225.7574
[2021-01-09 22:19:14,270][INFO][__main__] Total Balance: 0.0000, Free Balance: 0.0000
[2021-01-09 22:19:14,270][INFO][__main__] Loop completed, sleeping for 30 seconds
[2021-01-09 22:19:44,680][INFO][__main__] hist is -43.42
[2021-01-09 22:19:46,233][INFO][__main__]  Last price is: 40127.0900, VWAP is 40225.4568
[2021-01-09 22:19:46,233][INFO][__main__] Total Balance: 0.0000, Free Balance: 0.0000
[2021-01-09 22:19:46,233][INFO][__main__] Loop completed, sleeping for 30 seconds
[2021-01-09 22:20:17,039][INFO][__main__] hist is -36.62
[2021-01-09 22:20:18,507][INFO][__main__]  Last price is: 40200.3700, VWAP is 40224.9122
[2021-01-09 22:20:18,507][INFO][__main__] Total Balance: 0.0000, Free Balance: 0.0000
[2021-01-09 22:20:18,507][INFO][__main__] Loop completed, sleeping for 30 seconds
[2021-01-09 22:20:48,941][INFO][__main__] hist is -77.70
[2021-01-09 22:20:50,555][INFO][__main__]  Last price is: 40093.3100, VWAP is 40224.6045
[2021-01-09 22:20:50,555][INFO][__main__] Total Balance: 0.0000, Free Balance: 0.0000
[2021-01-09 22:20:50,555][INFO][__main__] Loop completed, sleeping for 30 seconds
[2021-01-09 22:40:34,757][INFO][__main__] Logger initialized
[2021-01-09 22:40:44,910][INFO][__main__] hist is 78.68
[2021-01-09 22:40:54,924][INFO][__main__] hist is 81.18
[2021-01-09 22:40:57,142][INFO][__main__]  Last price is: 40321.7700, VWAP is 40203.8190
[2021-01-09 22:40:57,142][INFO][__main__] Total Balance: 0.0000, Free Balance: 0.0000
[2021-01-09 22:40:57,142][INFO][__main__] Loop completed, sleeping for 30 seconds
[2021-01-09 22:41:27,581][INFO][__main__] hist is 56.47
[2021-01-09 22:41:29,083][INFO][__main__]  Last price is: 40346.5900, VWAP is 40203.2091
[2021-01-09 22:41:29,083][INFO][__main__] Total Balance: 0.0000, Free Balance: 0.0000
[2021-01-09 22:41:29,083][INFO][__main__] Loop completed, sleeping for 30 seconds
[2021-01-09 22:41:59,569][INFO][__main__] hist is 53.91
[2021-01-09 22:42:01,901][INFO][__main__]  Last price is: 40389.0800, VWAP is 40202.8603
[2021-01-09 22:42:01,902][INFO][__main__] Total Balance: 0.0000, Free Balance: 0.0000
[2021-01-09 22:42:01,902][INFO][__main__] Loop completed, sleeping for 30 seconds
[2021-01-09 22:42:32,323][INFO][__main__] hist is 38.81
[2021-01-09 22:42:33,810][INFO][__main__]  Last price is: 40354.1000, VWAP is 40202.0323
[2021-01-09 22:42:33,810][INFO][__main__] Total Balance: 0.0000, Free Balance: 0.0000
[2021-01-09 22:42:33,810][INFO][__main__] Loop completed, sleeping for 30 seconds
[2021-01-09 22:43:04,330][INFO][__main__] hist is 23.11
[2021-01-09 22:43:05,994][INFO][__main__]  Last price is: 40367.2600, VWAP is 40201.7946
[2021-01-09 22:43:05,994][INFO][__main__] Total Balance: 0.0000, Free Balance: 0.0000
[2021-01-09 22:43:05,994][INFO][__main__] Loop completed, sleeping for 30 seconds
[2021-01-09 22:43:36,574][INFO][__main__] hist is 30.82
[2021-01-09 22:43:37,830][INFO][__main__]  Last price is: 40377.0600, VWAP is 40201.4136
[2021-01-09 22:43:37,830][INFO][__main__] Total Balance: 0.0000, Free Balance: 0.0000
[2021-01-09 22:43:37,830][INFO][__main__] Loop completed, sleeping for 30 seconds
[2021-01-09 22:44:08,347][INFO][__main__] hist is 19.17
[2021-01-09 22:44:10,393][INFO][__main__]  Last price is: 40383.3800, VWAP is 40201.2158
[2021-01-09 22:44:10,393][INFO][__main__] Total Balance: 0.0000, Free Balance: 0.0000
[2021-01-09 22:44:10,393][INFO][__main__] Loop completed, sleeping for 30 seconds
[2021-01-09 22:44:40,792][INFO][__main__] hist is 10.55
[2021-01-09 22:44:41,937][INFO][__main__]  Last price is: 40360.8000, VWAP is 40201.0901
[2021-01-09 22:44:41,937][INFO][__main__] Total Balance: 0.0000, Free Balance: 0.0000
[2021-01-09 22:44:41,937][INFO][__main__] Loop completed, sleeping for 30 seconds
[2021-01-09 22:45:12,358][INFO][__main__] hist is 14.90
[2021-01-09 22:45:13,972][INFO][__main__]  Last price is: 40424.9900, VWAP is 40201.0026
[2021-01-09 22:45:13,973][INFO][__main__] Total Balance: 0.0000, Free Balance: 0.0000
[2021-01-09 22:45:13,973][INFO][__main__] Loop completed, sleeping for 30 seconds
[2021-01-09 22:45:44,393][INFO][__main__] hist is 38.07
[2021-01-09 22:45:46,037][INFO][__main__]  Last price is: 40509.0800, VWAP is 40200.4430
[2021-01-09 22:45:46,037][INFO][__main__] Total Balance: 0.0000, Free Balance: 0.0000
[2021-01-09 22:45:46,037][INFO][__main__] Loop completed, sleeping for 30 seconds
[2021-01-09 22:46:16,442][INFO][__main__] hist is 46.14
[2021-01-09 22:46:18,098][INFO][__main__]  Last price is: 40504.6300, VWAP is 40199.5603
[2021-01-09 22:46:18,098][INFO][__main__] Total Balance: 0.0000, Free Balance: 0.0000
[2021-01-09 22:46:18,098][INFO][__main__] Loop completed, sleeping for 30 seconds
[2021-01-09 22:46:48,530][INFO][__main__] hist is 56.52
[2021-01-09 22:46:49,914][INFO][__main__]  Last price is: 40555.9500, VWAP is 40199.2534
[2021-01-09 22:46:49,915][INFO][__main__] Total Balance: 0.0000, Free Balance: 0.0000
[2021-01-09 22:46:49,915][INFO][__main__] Loop completed, sleeping for 30 seconds
[2021-01-09 22:47:20,344][INFO][__main__] hist is 71.15
[2021-01-09 22:47:21,757][INFO][__main__]  Last price is: 40523.3200, VWAP is 40199.0631
[2021-01-09 22:47:21,758][INFO][__main__] Total Balance: 0.0000, Free Balance: 0.0000
[2021-01-09 22:47:21,758][INFO][__main__] Loop completed, sleeping for 30 seconds
[2021-01-09 22:47:52,161][INFO][__main__] hist is 25.59
[2021-01-09 22:47:53,808][INFO][__main__]  Last price is: 40508.6700, VWAP is 40198.6499
[2021-01-09 22:47:53,808][INFO][__main__] Total Balance: 0.0000, Free Balance: 0.0000
[2021-01-09 22:47:53,808][INFO][__main__] Loop completed, sleeping for 30 seconds
[2021-01-09 22:48:24,276][INFO][__main__] hist is 1.48
[2021-01-09 22:48:25,486][INFO][__main__]  Last price is: 40518.6100, VWAP is 40198.4282
[2021-01-09 22:48:25,486][INFO][__main__] Total Balance: 0.0000, Free Balance: 0.0000
[2021-01-09 22:48:25,486][INFO][__main__] Loop completed, sleeping for 30 seconds
[2021-01-09 22:48:56,143][INFO][__main__] hist is -30.48
[2021-01-09 23:27:13,495][INFO][__main__] Logger initialized
[2021-01-09 23:28:19,828][INFO][__main__] Logger initialized
[2021-01-09 23:28:29,977][INFO][__main__] hist is 6.26
[2021-01-09 23:28:39,995][INFO][__main__] hist is 13.89
[2021-01-09 23:29:03,222][INFO][__main__]  Last price is: 40417.8900, VWAP is 40177.2139
[2021-01-09 23:29:03,222][INFO][__main__] Total Balance: 0.0000, Free Balance: 0.0000
[2021-01-09 23:29:03,222][INFO][__main__] Loop completed, sleeping for 30 seconds
[2021-01-09 23:29:33,840][INFO][__main__] hist is 31.99
[2021-01-09 23:29:57,446][INFO][__main__]  Last price is: 40421.9700, VWAP is 40176.9684
[2021-01-09 23:29:57,446][INFO][__main__] Total Balance: 0.0000, Free Balance: 0.0000
[2021-01-09 23:29:57,446][INFO][__main__] Loop completed, sleeping for 30 seconds
[2021-01-09 23:30:27,836][INFO][__main__] hist is -2.26
[2021-01-09 23:31:32,366][INFO][__main__]  Last price is: 40496.4000, VWAP is 40176.6905
[2021-01-09 23:31:32,366][INFO][__main__] Total Balance: 0.0000, Free Balance: 0.0000
[2021-01-09 23:31:32,366][INFO][__main__] Loop completed, sleeping for 30 seconds
[2021-01-09 23:32:02,772][INFO][__main__] hist is 71.47
[2021-01-09 23:32:39,998][INFO][__main__]  Last price is: 40510.7500, VWAP is 40176.2767
[2021-01-09 23:32:39,998][INFO][__main__] Total Balance: 0.0000, Free Balance: 0.0000
[2021-01-09 23:32:39,998][INFO][__main__] Loop completed, sleeping for 30 seconds
[2021-01-09 23:33:10,385][INFO][__main__] hist is 101.16
[2021-01-09 23:33:33,672][INFO][__main__]  Last price is: 40557.6200, VWAP is 40175.8725
[2021-01-09 23:33:33,672][INFO][__main__] Total Balance: 0.0000, Free Balance: 0.0000
[2021-01-09 23:33:33,672][INFO][__main__] Loop completed, sleeping for 30 seconds
[2021-01-09 23:34:04,067][INFO][__main__] hist is 85.11
[2021-01-09 23:34:27,105][INFO][__main__]  Last price is: 40642.1800, VWAP is 40175.8412
[2021-01-09 23:34:27,105][INFO][__main__] Total Balance: 0.0000, Free Balance: 0.0000
[2021-01-09 23:34:27,105][INFO][__main__] Loop completed, sleeping for 30 seconds
[2021-01-09 23:34:57,502][INFO][__main__] hist is 120.35
[2021-01-09 23:35:20,807][INFO][__main__]  Last price is: 40665.3900, VWAP is 40175.6208
[2021-01-09 23:35:20,808][INFO][__main__] Total Balance: 0.0000, Free Balance: 0.0000
[2021-01-09 23:35:20,808][INFO][__main__] Loop completed, sleeping for 30 seconds
[2021-01-09 23:35:51,204][INFO][__main__] hist is 96.09
[2021-01-09 23:36:14,140][INFO][__main__]  Last price is: 40665.6100, VWAP is 40174.9786
[2021-01-09 23:36:14,140][INFO][__main__] Total Balance: 0.0000, Free Balance: 0.0000
[2021-01-09 23:36:14,140][INFO][__main__] Loop completed, sleeping for 30 seconds
[2021-01-09 23:36:44,531][INFO][__main__] hist is 91.61
[2021-01-09 23:37:07,477][INFO][__main__]  Last price is: 40669.5900, VWAP is 40174.7413
[2021-01-09 23:37:07,477][INFO][__main__] Total Balance: 0.0000, Free Balance: 0.0000
[2021-01-09 23:37:07,477][INFO][__main__] Loop completed, sleeping for 30 seconds
[2021-01-09 23:37:38,126][INFO][__main__] hist is 84.10
[2021-01-09 23:38:01,377][INFO][__main__]  Last price is: 40724.7600, VWAP is 40174.6044
[2021-01-09 23:38:01,378][INFO][__main__] Total Balance: 0.0000, Free Balance: 0.0000
[2021-01-09 23:38:01,378][INFO][__main__] Loop completed, sleeping for 30 seconds
[2021-01-09 23:38:31,788][INFO][__main__] hist is 44.69
[2021-01-09 23:38:55,527][INFO][__main__]  Last price is: 40670.3700, VWAP is 40174.4810
[2021-01-09 23:38:55,527][INFO][__main__] Total Balance: 0.0000, Free Balance: 0.0000
[2021-01-09 23:38:55,527][INFO][__main__] Loop completed, sleeping for 30 seconds
[2021-01-09 23:39:25,931][INFO][__main__] hist is -19.07
[2021-01-09 23:40:31,390][INFO][__main__]  Last price is: 40688.0900, VWAP is 40174.3065
[2021-01-09 23:40:31,391][INFO][__main__] Total Balance: 0.0000, Free Balance: 0.0000
[2021-01-09 23:40:31,391][INFO][__main__] Loop completed, sleeping for 30 seconds
[2021-01-09 23:40:44,598][INFO][__main__] Logger initialized
[2021-01-09 23:40:54,742][INFO][__main__] hist is -32.61
[2021-01-09 23:41:04,753][INFO][__main__] hist is -34.21
[2021-01-09 23:44:06,803][INFO][__main__] Logger initialized
[2021-01-09 23:44:16,967][INFO][__main__] hist is -126.53
[2021-01-09 23:44:26,973][INFO][__main__] hist is -128.88
[2021-01-09 23:45:01,923][INFO][__main__] Logger initialized
[2021-01-09 23:45:12,075][INFO][__main__] hist is -116.90
[2021-01-09 23:45:22,064][INFO][__main__] hist is -124.73
[2021-01-09 23:45:41,644][INFO][__main__] Logger initialized
[2021-01-09 23:45:51,794][INFO][__main__] hist is -136.96
[2021-01-09 23:46:01,793][INFO][__main__] hist is -140.06
[2021-01-09 23:46:52,707][INFO][__main__]  Last price is: 40655.4700, VWAP is 40172.4215
[2021-01-09 23:46:52,708][INFO][__main__] Total Balance: 0.0000, Free Balance: 0.0000
[2021-01-09 23:46:52,708][INFO][__main__] Loop completed, sleeping for 30 seconds
[2021-01-09 23:51:02,787][INFO][__main__] Logger initialized
[2021-01-09 23:51:12,935][INFO][__main__] hist is -16.25
[2021-01-09 23:51:22,935][INFO][__main__] hist is -6.78
[2021-01-09 23:51:45,121][INFO][__main__] Logger initialized
[2021-01-09 23:51:55,269][INFO][__main__] hist is 20.99
[2021-01-09 23:52:05,273][INFO][__main__] hist is 24.77
[2021-01-09 23:53:55,941][INFO][__main__] Logger initialized
[2021-01-09 23:54:06,097][INFO][__main__] hist is -32.53
[2021-01-09 23:55:22,417][INFO][__main__] Logger initialized
[2021-01-09 23:55:32,559][INFO][__main__] hist is -29.32
[2021-01-09 23:55:42,560][INFO][__main__] hist is -30.55
[2021-01-09 23:56:33,506][INFO][__main__]  Last price is: 40623.4700, VWAP is 40170.0886
[2021-01-09 23:56:33,507][INFO][__main__] Total Balance: 0.0000, Free Balance: 0.0000
[2021-01-09 23:56:33,507][INFO][__main__] Loop completed, sleeping for 30 seconds
[2021-01-09 23:57:04,127][INFO][__main__] hist is -75.41
[2021-01-09 23:57:53,715][INFO][__main__]  Last price is: 40635.8200, VWAP is 40169.8507
[2021-01-09 23:57:53,715][INFO][__main__] Total Balance: 0.0000, Free Balance: 0.0000
[2021-01-09 23:57:53,715][INFO][__main__] Loop completed, sleeping for 30 seconds
[2021-01-09 23:58:24,345][INFO][__main__] hist is -52.66
[2021-01-09 23:59:14,738][INFO][__main__]  Last price is: 40597.9300, VWAP is 40169.9321
[2021-01-09 23:59:14,739][INFO][__main__] Total Balance: 0.0000, Free Balance: 0.0000
[2021-01-09 23:59:14,739][INFO][__main__] Loop completed, sleeping for 30 seconds
[2021-01-09 23:59:45,160][INFO][__main__] hist is -24.75
[2021-01-10 00:00:34,079][INFO][__main__]  Last price is: 40684.5200, VWAP is 40169.8682
[2021-01-10 00:00:34,079][INFO][__main__] Total Balance: 0.0000, Free Balance: 0.0000
[2021-01-10 00:00:34,079][INFO][__main__] Loop completed, sleeping for 30 seconds
[2021-01-10 00:01:04,484][INFO][__main__] hist is 32.29
[2021-01-10 00:01:56,669][INFO][__main__] Logger initialized
[2021-01-10 00:02:06,819][INFO][__main__] hist is 78.79
[2021-01-10 00:02:16,824][INFO][__main__] hist is 84.15
[2021-01-10 00:03:00,850][INFO][__main__] Logger initialized
[2021-01-10 00:03:10,992][INFO][__main__] hist is 69.72
[2021-01-10 00:03:21,004][INFO][__main__] hist is 97.92
[2021-01-10 00:04:12,864][INFO][__main__] Logger initialized
[2021-01-10 00:04:23,009][INFO][__main__] hist is 121.14
[2021-01-10 00:04:33,015][INFO][__main__] hist is 91.77
[2021-01-10 00:07:38,917][INFO][__main__] Logger initialized
[2021-01-10 00:07:49,060][INFO][__main__] hist is 33.39
[2021-01-10 00:07:59,060][INFO][__main__] hist is 30.31
[2021-01-10 00:08:39,465][INFO][__main__] Logger initialized
[2021-01-10 00:08:49,610][INFO][__main__] hist is 44.29
[2021-01-10 00:08:59,621][INFO][__main__] hist is 45.24
[2021-01-10 00:08:59,877][INFO][__main__] shorts-->>0
[2021-01-10 00:08:59,878][INFO][__main__] longs-->>0
[2021-01-10 00:09:41,014][INFO][__main__] Logger initialized
[2021-01-10 00:09:51,159][INFO][__main__] hist is 92.30
[2021-01-10 00:10:01,163][INFO][__main__] hist is 95.40
[2021-01-10 00:10:01,427][INFO][__main__] shorts-->>0
[2021-01-10 00:10:01,428][INFO][__main__] longs-->>0
[2021-01-10 00:10:24,163][INFO][__main__] Logger initialized
[2021-01-10 00:10:34,308][INFO][__main__] hist is 74.73
[2021-01-10 00:10:44,329][INFO][__main__] hist is 76.95
[2021-01-10 00:10:44,806][INFO][__main__] shorts-->>0
[2021-01-10 00:10:44,806][INFO][__main__] longs-->>0
[2021-01-10 00:11:04,832][INFO][__main__] Logger initialized
[2021-01-10 00:11:14,972][INFO][__main__] hist is 87.26
[2021-01-10 00:11:25,005][INFO][__main__] hist is 138.10
[2021-01-10 00:11:25,270][INFO][__main__] shorts-->>0
[2021-01-10 00:11:25,271][INFO][__main__] longs-->>0
[2021-01-10 00:11:38,281][INFO][__main__] Logger initialized
[2021-01-10 00:11:48,427][INFO][__main__] hist is 147.45
[2021-01-10 00:11:58,427][INFO][__main__] hist is 161.77
[2021-01-10 00:11:58,683][INFO][__main__] shorts-->>0
[2021-01-10 00:11:58,683][INFO][__main__] longs-->>0
[2021-01-10 00:17:12,698][INFO][__main__] Logger initialized
[2021-01-10 00:17:22,840][INFO][__main__] hist is -100.69
[2021-01-10 00:17:32,838][INFO][__main__] hist is -103.31
[2021-01-10 00:17:33,098][INFO][__main__] shorts-->>0
[2021-01-10 00:17:33,098][INFO][__main__] longs-->>0
[2021-01-10 00:17:34,405][INFO][__main__]  Last price is: 40597.0300, VWAP is 40167.8734
[2021-01-10 00:17:34,405][INFO][__main__] Total Balance: 0.0000, Free Balance: 0.0000
[2021-01-10 00:17:34,406][INFO][__main__] Loop completed, sleeping for 30 seconds
[2021-01-10 00:18:04,805][INFO][__main__] hist is -114.17
[2021-01-10 00:18:05,063][INFO][__main__] shorts-->>0
[2021-01-10 00:18:05,064][INFO][__main__] longs-->>0
[2021-01-10 00:18:06,154][INFO][__main__]  Last price is: 40593.4700, VWAP is 40167.8439
[2021-01-10 00:18:06,155][INFO][__main__] Total Balance: 0.0000, Free Balance: 0.0000
[2021-01-10 00:18:06,155][INFO][__main__] Loop completed, sleeping for 30 seconds
